2019-12-08 23:02:42,564 - werkzeug - WARNING - Phat hien:  * Debugger is active!
2019-12-08 23:03:51,321 - werkzeug - WARNING - Phat hien:  * Debugger is active!
2019-12-08 23:04:00,332 - file - CRITICAL - Phat hien: ['o to: 82.94%']
2019-12-08 23:04:00,754 - file - CRITICAL - Phat hien: ['nguoi: 84.85%', 'nguoi: 72.07%', 'xe may: 70.77%', 'xe may: 37.16%', 'xe may: 33.58%', 'xe may: 32.14%']
2019-12-08 23:04:01,760 - file - CRITICAL - Phat hien: ['nguoi: 95.39%', 'nguoi: 61.30%', 'nguoi: 34.29%', 'xe may: 66.71%', 'xe may: 64.19%', 'xe may: 55.65%', 'xe may: 39.77%', 'xe may: 33.77%']
2019-12-08 23:04:02,337 - file - CRITICAL - Phat hien: ['nguoi: 61.18%', 'nguoi: 33.16%', 'xe may: 70.93%']
2019-12-08 23:04:02,765 - file - CRITICAL - Phat hien: ['xe may: 67.21%', 'xe may: 34.32%']
2019-12-08 23:04:03,338 - file - CRITICAL - Phat hien: ['nguoi: 86.08%', 'nguoi: 39.46%', 'nguoi: 35.43%', 'xe may: 83.72%', 'xe may: 36.99%']
2019-12-08 23:04:03,766 - file - CRITICAL - Phat hien: ['nguoi: 74.16%', 'nguoi: 61.03%', 'xe may: 75.58%', 'xe may: 64.18%']
2019-12-08 23:04:04,341 - file - CRITICAL - Phat hien: ['nguoi: 60.32%', 'xe may: 50.11%', 'xe may: 47.18%', 'xe may: 30.48%']
2019-12-08 23:04:04,767 - file - CRITICAL - Phat hien: ['xe may: 92.55%']
2019-12-08 23:04:05,342 - file - CRITICAL - Phat hien: ['nguoi: 88.43%', 'nguoi: 63.49%', 'nguoi: 56.05%', 'xe may: 62.73%', 'xe may: 45.25%', 'xe may: 42.24%']
2019-12-08 23:04:05,768 - file - CRITICAL - Phat hien: ['nguoi: 95.59%', 'nguoi: 57.49%', 'xe may: 99.04%']
2019-12-08 23:04:06,343 - file - CRITICAL - Phat hien: ['nguoi: 93.12%', 'nguoi: 34.34%', 'xe may: 98.33%', 'xe may: 33.55%']
2019-12-08 23:04:06,770 - file - CRITICAL - Phat hien: ['nguoi: 79.48%', 'nguoi: 53.13%', 'xe may: 85.75%']
2019-12-08 23:04:07,345 - file - CRITICAL - Phat hien: ['nguoi: 53.85%', 'xe may: 98.07%']
2019-12-08 23:04:07,771 - file - CRITICAL - Phat hien: ['nguoi: 80.77%', 'xe may: 84.37%', 'xe may: 71.27%']
2019-12-08 23:04:08,348 - file - CRITICAL - Phat hien: ['nguoi: 87.81%', 'nguoi: 84.38%', 'xe may: 87.22%', 'xe may: 75.45%']
2019-12-08 23:04:08,772 - file - CRITICAL - Phat hien: ['nguoi: 30.06%', 'xe may: 71.71%', 'xe may: 30.97%']
2019-12-08 23:04:09,352 - file - CRITICAL - Phat hien: ['xe may: 77.73%', 'xe may: 77.56%']
2019-12-08 23:04:09,774 - file - CRITICAL - Phat hien: ['nguoi: 33.94%', 'nguoi: 31.26%', 'nguoi: 31.13%', 'xe may: 91.56%', 'xe may: 52.00%', 'xe may: 30.90%']
2019-12-08 23:04:10,356 - file - CRITICAL - Phat hien: ['nguoi: 88.22%', 'xe may: 97.92%', 'xe may: 77.64%', 'xe may: 37.34%']
2019-12-08 23:04:10,775 - file - CRITICAL - Phat hien: ['nguoi: 74.99%', 'nguoi: 40.86%', 'xe may: 77.07%']
2019-12-08 23:04:11,358 - file - CRITICAL - Phat hien: ['nguoi: 87.43%', 'nguoi: 61.55%', 'xe may: 91.73%', 'xe may: 85.09%']
2019-12-08 23:04:11,777 - file - CRITICAL - Phat hien: ['nguoi: 38.12%', 'nguoi: 36.11%', 'xe may: 76.60%', 'xe may: 73.34%', 'o to: 94.60%']
2019-12-08 23:04:12,362 - file - CRITICAL - Phat hien: ['nguoi: 68.06%', 'xe may: 79.92%']
2019-12-08 23:04:12,782 - file - CRITICAL - Phat hien: ['nguoi: 95.73%', 'nguoi: 76.41%', 'nguoi: 39.54%', 'xe may: 99.08%', 'o to: 99.87%', 'o to: 93.67%']
2019-12-08 23:04:13,365 - file - CRITICAL - Phat hien: ['nguoi: 88.63%', 'nguoi: 30.83%', 'xe may: 94.54%', 'xe may: 30.03%']
2019-12-08 23:04:13,783 - file - CRITICAL - Phat hien: ['nguoi: 39.32%', 'xe may: 77.51%', 'xe may: 50.06%', 'xe may: 31.82%', 'o to: 99.81%', 'o to: 99.46%']
2019-12-08 23:04:14,369 - file - CRITICAL - Phat hien: ['nguoi: 87.43%', 'nguoi: 86.62%', 'nguoi: 68.31%', 'nguoi: 38.85%', 'xe may: 95.54%', 'xe may: 36.57%']
2019-12-08 23:04:14,785 - file - CRITICAL - Phat hien: ['nguoi: 96.34%', 'nguoi: 89.57%', 'xe may: 78.01%', 'xe may: 30.66%', 'o to: 51.24%']
2019-12-08 23:04:15,369 - file - CRITICAL - Phat hien: ['nguoi: 33.09%', 'nguoi: 31.32%', 'xe may: 61.26%', 'o to: 58.54%']
2019-12-08 23:04:15,791 - file - CRITICAL - Phat hien: ['nguoi: 95.28%', 'nguoi: 93.02%', 'xe may: 71.59%', 'xe may: 30.98%', 'o to: 88.86%']
2019-12-08 23:04:16,371 - file - CRITICAL - Phat hien: ['nguoi: 93.87%', 'nguoi: 57.91%', 'nguoi: 56.10%', 'nguoi: 45.97%', 'xe may: 97.74%', 'o to: 99.88%', 'o to: 94.45%']
2019-12-08 23:04:16,796 - file - CRITICAL - Phat hien: ['nguoi: 91.89%', 'nguoi: 88.31%', 'nguoi: 51.21%', 'nguoi: 50.73%', 'xe may: 99.63%', 'xe may: 91.76%', 'xe may: 63.56%', 'xe may: 43.65%', 'o to: 74.06%']
2019-12-08 23:04:17,373 - file - CRITICAL - Phat hien: ['nguoi: 93.44%', 'nguoi: 90.82%', 'xe may: 99.80%', 'o to: 99.85%', 'o to: 99.63%']
2019-12-08 23:04:17,798 - file - CRITICAL - Phat hien: ['nguoi: 52.82%', 'xe may: 91.58%', 'xe may: 76.96%']
2019-12-08 23:04:18,374 - file - CRITICAL - Phat hien: ['nguoi: 95.38%', 'xe may: 88.64%', 'xe may: 55.22%', 'xe may: 31.25%', 'o to: 98.88%', 'o to: 91.76%']
2019-12-08 23:04:18,799 - file - CRITICAL - Phat hien: ['nguoi: 97.58%', 'nguoi: 90.39%', 'nguoi: 36.44%', 'xe may: 75.44%', 'xe may: 67.63%', 'o to: 30.13%']
2019-12-08 23:04:19,376 - file - CRITICAL - Phat hien: ['nguoi: 95.05%', 'nguoi: 94.82%', 'xe may: 87.96%', 'xe may: 32.26%', 'o to: 42.17%']
2019-12-08 23:04:19,803 - file - CRITICAL - Phat hien: ['nguoi: 94.74%', 'nguoi: 93.96%', 'nguoi: 90.92%', 'xe may: 99.57%', 'xe may: 62.81%']
2019-12-08 23:04:20,376 - file - CRITICAL - Phat hien: ['nguoi: 63.97%', 'xe may: 99.17%', 'xe may: 31.24%', 'o to: 62.30%']
2019-12-08 23:04:20,806 - file - CRITICAL - Phat hien: ['nguoi: 94.01%', 'nguoi: 92.40%', 'nguoi: 77.67%', 'xe may: 98.98%', 'xe may: 93.17%', 'xe may: 67.27%']
2019-12-08 23:04:21,377 - file - CRITICAL - Phat hien: ['nguoi: 90.36%', 'nguoi: 88.81%', 'nguoi: 70.93%', 'nguoi: 49.74%', 'xe may: 99.68%', 'xe may: 89.57%', 'xe may: 57.50%', 'xe may: 30.09%', 'o to: 52.81%']
2019-12-08 23:04:21,806 - file - CRITICAL - Phat hien: ['nguoi: 93.86%', 'nguoi: 50.69%', 'xe may: 93.95%', 'xe may: 84.78%']
2019-12-08 23:04:22,382 - file - CRITICAL - Phat hien: ['nguoi: 37.56%', 'xe may: 89.98%', 'xe may: 79.34%', 'o to: 34.51%']
2019-12-08 23:04:22,808 - file - CRITICAL - Phat hien: ['nguoi: 96.35%', 'nguoi: 66.25%', 'xe may: 60.94%']
2019-12-08 23:04:23,383 - file - CRITICAL - Phat hien: ['nguoi: 97.87%', 'nguoi: 97.37%', 'nguoi: 83.32%', 'nguoi: 59.75%', 'xe may: 96.71%', 'xe may: 94.56%']
2019-12-08 23:04:23,808 - file - CRITICAL - Phat hien: ['nguoi: 89.12%', 'nguoi: 70.20%', 'xe may: 64.73%', 'xe may: 31.34%']
2019-12-08 23:04:24,384 - file - CRITICAL - Phat hien: ['nguoi: 94.48%', 'nguoi: 93.87%', 'nguoi: 90.04%', 'xe may: 99.57%', 'xe may: 61.61%']
2019-12-08 23:04:24,812 - file - CRITICAL - Phat hien: ['nguoi: 94.72%', 'nguoi: 70.35%', 'nguoi: 69.01%', 'nguoi: 41.84%', 'xe may: 91.48%']
2019-12-08 23:04:25,385 - file - CRITICAL - Phat hien: ['nguoi: 97.31%', 'nguoi: 96.59%', 'nguoi: 56.99%', 'xe may: 99.27%', 'xe may: 71.99%', 'xe may: 61.59%']
2019-12-08 23:04:25,814 - file - CRITICAL - Phat hien: ['nguoi: 89.64%', 'nguoi: 80.09%', 'xe may: 72.83%', 'xe may: 32.07%', 'xe may: 31.12%']
2019-12-08 23:04:26,389 - file - CRITICAL - Phat hien: ['nguoi: 93.86%', 'nguoi: 50.69%', 'xe may: 93.95%', 'xe may: 84.78%']
2019-12-08 23:04:26,814 - file - CRITICAL - Phat hien: ['nguoi: 56.25%', 'nguoi: 48.35%', 'nguoi: 47.29%', 'nguoi: 39.20%', 'nguoi: 38.65%', 'nguoi: 38.25%', 'xe may: 72.34%', 'xe may: 62.10%', 'xe may: 56.94%', 'o to: 65.91%']
2019-12-08 23:04:27,390 - file - CRITICAL - Phat hien: ['nguoi: 96.35%', 'nguoi: 66.25%', 'xe may: 60.94%']
2019-12-08 23:04:27,818 - file - CRITICAL - Phat hien: ['nguoi: 95.40%', 'nguoi: 92.72%', 'nguoi: 71.36%', 'nguoi: 52.90%', 'nguoi: 38.98%', 'nguoi: 38.46%', 'nguoi: 35.01%', 'xe may: 90.64%', 'xe may: 84.25%', 'xe may: 65.09%', 'xe may: 33.91%', 'xe may: 33.21%', 'o to: 50.80%']
2019-12-08 23:04:28,392 - file - CRITICAL - Phat hien: ['nguoi: 97.21%', 'nguoi: 84.84%', 'xe may: 95.81%', 'xe may: 46.76%', 'xe may: 36.03%']
2019-12-08 23:04:28,821 - file - CRITICAL - Phat hien: ['nguoi: 80.72%', 'nguoi: 80.48%', 'nguoi: 72.30%', 'nguoi: 70.55%', 'nguoi: 67.06%', 'nguoi: 41.85%', 'nguoi: 38.49%', 'xe may: 95.33%', 'xe may: 82.56%', 'xe may: 71.20%', 'xe may: 64.93%', 'xe may: 52.48%', 'o to: 77.13%']
2019-12-08 23:04:29,398 - file - CRITICAL - Phat hien: ['nguoi: 94.58%', 'nguoi: 72.99%', 'nguoi: 69.17%', 'nguoi: 40.11%', 'xe may: 91.87%']
2019-12-08 23:04:29,823 - file - CRITICAL - Phat hien: ['nguoi: 98.12%', 'nguoi: 95.25%', 'nguoi: 64.93%', 'nguoi: 62.28%', 'nguoi: 61.14%', 'nguoi: 58.36%', 'nguoi: 42.73%', 'xe may: 66.02%', 'xe may: 62.18%', 'xe may: 54.56%', 'xe may: 38.34%', 'xe may: 37.57%', 'xe may: 33.36%', 'o to: 74.94%']
2019-12-08 23:04:30,398 - file - CRITICAL - Phat hien: ['nguoi: 89.64%', 'nguoi: 80.09%', 'xe may: 72.83%', 'xe may: 32.07%', 'xe may: 31.12%']
2019-12-08 23:04:30,828 - file - CRITICAL - Phat hien: ['nguoi: 85.50%', 'nguoi: 72.09%', 'nguoi: 58.67%', 'nguoi: 50.26%', 'nguoi: 36.75%', 'xe may: 96.96%', 'xe may: 89.00%', 'xe may: 58.85%', 'xe may: 35.89%', 'o to: 94.88%']
2019-12-08 23:04:31,401 - file - CRITICAL - Phat hien: ['nguoi: 56.25%', 'nguoi: 48.35%', 'nguoi: 47.29%', 'nguoi: 39.20%', 'nguoi: 38.65%', 'nguoi: 38.25%', 'xe may: 72.34%', 'xe may: 62.10%', 'xe may: 56.94%', 'o to: 65.91%']
2019-12-08 23:04:31,832 - file - CRITICAL - Phat hien: ['nguoi: 62.16%', 'nguoi: 39.72%', 'xe may: 59.68%']
2019-12-08 23:04:32,404 - file - CRITICAL - Phat hien: ['nguoi: 90.51%', 'nguoi: 90.12%', 'nguoi: 87.38%', 'nguoi: 71.68%', 'nguoi: 62.57%', 'nguoi: 35.41%', 'xe may: 94.20%', 'xe may: 93.53%', 'xe may: 35.80%', 'xe may: 32.61%', 'o to: 62.26%']
2019-12-08 23:04:32,833 - file - CRITICAL - Phat hien: ['nguoi: 83.87%', 'nguoi: 56.88%', 'o to: 96.36%']
2019-12-08 23:04:33,405 - file - CRITICAL - Phat hien: ['nguoi: 96.50%', 'nguoi: 91.63%', 'nguoi: 79.95%', 'nguoi: 75.35%', 'nguoi: 59.28%', 'xe may: 97.40%', 'xe may: 95.17%', 'xe may: 89.04%', 'xe may: 81.62%', 'xe may: 73.78%', 'xe may: 57.09%', 'o to: 85.47%']
2019-12-08 23:04:33,833 - file - CRITICAL - Phat hien: ['nguoi: 55.53%', 'nguoi: 52.83%', 'nguoi: 37.97%', 'xe may: 37.90%', 'o to: 68.13%']
2019-12-08 23:04:34,407 - file - CRITICAL - Phat hien: ['nguoi: 91.68%', 'nguoi: 89.49%', 'nguoi: 85.88%', 'nguoi: 78.38%', 'nguoi: 78.31%', 'nguoi: 75.27%', 'nguoi: 57.14%', 'nguoi: 54.93%', 'xe may: 70.04%', 'xe may: 39.08%', 'xe may: 33.79%', 'o to: 79.68%']
2019-12-08 23:04:34,836 - file - CRITICAL - Phat hien: ['xe may: 80.79%']
2019-12-08 23:04:35,412 - file - CRITICAL - Phat hien: ['nguoi: 92.44%', 'nguoi: 89.43%', 'nguoi: 78.48%', 'nguoi: 45.41%', 'nguoi: 37.51%', 'nguoi: 36.38%', 'xe may: 93.26%', 'xe may: 82.88%', 'xe may: 55.53%', 'xe may: 45.33%', 'xe may: 30.33%', 'o to: 88.90%']
2019-12-08 23:04:35,837 - file - CRITICAL - Phat hien: ['nguoi: 79.91%', 'nguoi: 57.86%', 'xe may: 99.16%', 'xe may: 93.86%', 'xe may: 47.61%']
2019-12-08 23:04:36,417 - file - CRITICAL - Phat hien: ['nguoi: 77.93%', 'nguoi: 42.16%', 'nguoi: 35.22%', 'xe may: 90.79%', 'xe may: 41.38%']
2019-12-08 23:04:36,838 - file - CRITICAL - Phat hien: ['nguoi: 97.13%', 'nguoi: 58.47%', 'nguoi: 36.99%', 'xe may: 98.13%', 'xe may: 86.47%', 'xe may: 73.98%', 'xe may: 69.21%', 'xe may: 34.47%']
2019-12-08 23:04:37,419 - file - CRITICAL - Phat hien: ['nguoi: 78.28%', 'xe may: 71.81%', 'o to: 76.84%']
2019-12-08 23:04:37,839 - file - CRITICAL - Phat hien: ['nguoi: 98.98%', 'nguoi: 98.79%', 'nguoi: 89.19%', 'nguoi: 87.19%', 'nguoi: 83.63%', 'nguoi: 78.67%', 'nguoi: 30.98%', 'xe may: 98.24%', 'xe may: 91.18%', 'xe may: 90.15%', 'xe may: 48.78%']
2019-12-08 23:04:38,420 - file - CRITICAL - Phat hien: ['nguoi: 67.68%', 'xe may: 55.85%', 'xe may: 31.50%', 'o to: 65.71%']
2019-12-08 23:04:38,840 - file - CRITICAL - Phat hien: ['nguoi: 99.26%', 'nguoi: 72.38%', 'nguoi: 70.72%', 'nguoi: 49.30%', 'nguoi: 42.71%', 'nguoi: 42.68%', 'xe may: 83.83%', 'xe may: 68.38%', 'xe may: 40.85%']
2019-12-08 23:04:39,423 - file - CRITICAL - Phat hien: ['nguoi: 33.76%', 'nguoi: 31.10%', 'xe may: 90.40%']
2019-12-08 23:04:39,841 - file - CRITICAL - Phat hien: ['nguoi: 97.84%', 'nguoi: 71.24%', 'xe may: 94.81%', 'xe may: 75.46%', 'xe may: 43.60%']
2019-12-08 23:04:40,425 - file - CRITICAL - Phat hien: ['nguoi: 79.91%', 'nguoi: 57.86%', 'xe may: 99.16%', 'xe may: 93.86%', 'xe may: 47.61%']
2019-12-08 23:04:40,842 - file - CRITICAL - Phat hien: ['nguoi: 97.89%', 'nguoi: 74.88%', 'nguoi: 31.83%', 'xe may: 94.58%', 'xe may: 76.54%', 'xe may: 43.89%']
2019-12-08 23:04:41,429 - file - CRITICAL - Phat hien: ['nguoi: 89.81%', 'nguoi: 89.63%', 'nguoi: 87.27%', 'nguoi: 60.92%', 'nguoi: 59.18%', 'xe may: 96.70%', 'xe may: 85.71%', 'xe may: 78.35%', 'xe may: 71.03%', 'xe may: 67.65%']
2019-12-08 23:04:41,846 - file - CRITICAL - Phat hien: ['nguoi: 97.99%', 'nguoi: 79.76%', 'nguoi: 37.09%', 'xe may: 94.98%', 'xe may: 78.30%', 'xe may: 45.64%']
2019-12-08 23:04:42,432 - file - CRITICAL - Phat hien: ['nguoi: 98.55%', 'nguoi: 85.37%', 'nguoi: 69.57%', 'nguoi: 65.84%', 'nguoi: 38.95%', 'nguoi: 38.33%', 'xe may: 93.77%', 'xe may: 78.90%', 'xe may: 60.70%', 'xe may: 43.58%', 'xe may: 30.47%']
2019-12-08 23:04:42,849 - file - CRITICAL - Phat hien: ['nguoi: 98.08%', 'nguoi: 80.19%', 'nguoi: 31.95%', 'xe may: 95.47%', 'xe may: 77.25%', 'xe may: 46.70%']
2019-12-08 23:04:43,436 - file - CRITICAL - Phat hien: ['nguoi: 95.57%', 'nguoi: 94.65%', 'nguoi: 90.30%', 'nguoi: 76.49%', 'nguoi: 66.10%', 'nguoi: 60.01%', 'nguoi: 51.66%', 'xe may: 79.87%', 'xe may: 68.27%']
2019-12-08 23:04:43,849 - file - CRITICAL - Phat hien: ['nguoi: 97.98%', 'nguoi: 78.85%', 'nguoi: 30.55%', 'xe may: 95.50%', 'xe may: 75.70%', 'xe may: 46.75%']
2019-12-08 23:04:44,441 - file - CRITICAL - Phat hien: ['nguoi: 97.85%', 'nguoi: 70.66%', 'xe may: 94.79%', 'xe may: 75.83%', 'xe may: 41.68%']
2019-12-08 23:04:44,854 - file - CRITICAL - Phat hien: ['nguoi: 98.20%', 'nguoi: 79.74%', 'nguoi: 32.50%', 'xe may: 95.48%', 'xe may: 74.32%', 'xe may: 44.92%']
2019-12-08 23:04:45,444 - file - CRITICAL - Phat hien: ['nguoi: 97.85%', 'nguoi: 75.93%', 'nguoi: 32.49%', 'xe may: 94.34%', 'xe may: 76.93%', 'xe may: 43.79%']
2019-12-08 23:04:45,855 - file - CRITICAL - Phat hien: ['nguoi: 98.30%', 'nguoi: 80.85%', 'nguoi: 30.64%', 'xe may: 95.24%', 'xe may: 74.54%', 'xe may: 45.61%']
2019-12-08 23:04:46,448 - file - CRITICAL - Phat hien: ['nguoi: 98.05%', 'nguoi: 78.30%', 'nguoi: 32.89%', 'xe may: 95.33%', 'xe may: 78.69%', 'xe may: 45.78%']
2019-12-08 23:04:46,856 - file - CRITICAL - Phat hien: ['nguoi: 68.35%', 'nguoi: 53.65%', 'xe may: 77.10%']
2019-12-08 23:04:47,451 - file - CRITICAL - Phat hien: ['nguoi: 97.99%', 'nguoi: 80.47%', 'xe may: 95.12%', 'xe may: 77.58%', 'xe may: 47.69%']
2019-12-08 23:04:47,857 - file - CRITICAL - Phat hien: ['nguoi: 55.08%', 'nguoi: 40.13%', 'xe may: 42.32%']
2019-12-08 23:04:48,454 - file - CRITICAL - Phat hien: ['nguoi: 98.09%', 'nguoi: 79.13%', 'nguoi: 34.25%', 'xe may: 95.54%', 'xe may: 76.54%', 'xe may: 46.90%']
2019-12-08 23:04:48,858 - file - CRITICAL - Phat hien: ['nguoi: 77.33%', 'nguoi: 59.84%', 'xe may: 67.45%', 'xe may: 45.66%']
2019-12-08 23:04:49,457 - file - CRITICAL - Phat hien: ['nguoi: 97.96%', 'nguoi: 79.67%', 'nguoi: 32.37%', 'xe may: 95.02%', 'xe may: 75.64%', 'xe may: 45.69%']
2019-12-08 23:04:49,861 - file - CRITICAL - Phat hien: ['nguoi: 82.97%', 'nguoi: 69.09%', 'xe may: 46.81%', 'xe may: 44.04%']
2019-12-08 23:04:50,459 - file - CRITICAL - Phat hien: ['nguoi: 98.28%', 'nguoi: 80.61%', 'nguoi: 30.39%', 'xe may: 95.31%', 'xe may: 74.35%', 'xe may: 45.30%']
2019-12-08 23:04:50,864 - file - CRITICAL - Phat hien: ['nguoi: 78.04%', 'nguoi: 63.07%', 'xe may: 45.17%']
2019-12-08 23:04:51,460 - file - CRITICAL - Phat hien: ['nguoi: 98.36%', 'nguoi: 70.80%', 'xe may: 93.14%', 'xe may: 77.32%', 'xe may: 36.58%']
2019-12-08 23:04:51,866 - file - CRITICAL - Phat hien: ['nguoi: 70.87%', 'nguoi: 54.75%', 'xe may: 71.09%']
2019-12-08 23:04:52,460 - file - CRITICAL - Phat hien: ['nguoi: 40.22%', 'xe may: 42.05%', 'xe may: 31.69%']
2019-12-08 23:04:52,870 - file - CRITICAL - Phat hien: ['nguoi: 48.83%', 'nguoi: 41.64%', 'xe may: 57.80%', 'xe may: 54.36%']
2019-12-08 23:04:53,462 - file - CRITICAL - Phat hien: ['xe may: 67.56%']
2019-12-08 23:04:53,875 - file - CRITICAL - Phat hien: ['nguoi: 94.87%', 'nguoi: 56.97%', 'xe may: 71.78%', 'xe may: 64.50%']
2019-12-08 23:04:54,466 - file - CRITICAL - Phat hien: ['nguoi: 38.09%', 'xe may: 68.46%', 'xe may: 44.27%']
2019-12-08 23:04:54,875 - file - CRITICAL - Phat hien: ['nguoi: 89.51%', 'xe may: 92.17%', 'xe may: 90.32%']
2019-12-08 23:04:55,466 - file - CRITICAL - Phat hien: ['nguoi: 84.15%', 'xe may: 51.57%']
2019-12-08 23:04:55,877 - file - CRITICAL - Phat hien: ['nguoi: 97.85%', 'nguoi: 92.85%', 'nguoi: 43.20%', 'nguoi: 34.31%', 'xe may: 97.94%', 'xe may: 97.67%', 'xe may: 44.78%']
2019-12-08 23:04:56,467 - file - CRITICAL - Phat hien: ['nguoi: 87.28%', 'nguoi: 54.95%']
2019-12-08 23:04:56,877 - file - CRITICAL - Phat hien: ['nguoi: 94.25%', 'nguoi: 78.99%', 'nguoi: 71.70%', 'xe may: 95.53%', 'xe may: 86.90%', 'xe may: 41.68%', 'xe may: 38.12%']
2019-12-08 23:04:57,471 - file - CRITICAL - Phat hien: ['xe may: 67.79%', 'xe may: 30.14%']
2019-12-08 23:04:57,882 - file - CRITICAL - Phat hien: ['nguoi: 94.97%', 'nguoi: 76.18%', 'nguoi: 62.55%', 'xe may: 91.23%', 'xe may: 84.92%', 'xe may: 48.35%']
2019-12-08 23:04:58,474 - file - CRITICAL - Phat hien: ['nguoi: 69.07%', 'xe may: 63.53%', 'xe may: 37.85%']
2019-12-08 23:04:58,885 - file - CRITICAL - Phat hien: ['nguoi: 94.86%', 'nguoi: 47.98%', 'xe may: 84.37%', 'xe may: 55.72%', 'xe may: 53.43%']
2019-12-08 23:04:59,476 - file - CRITICAL - Phat hien: ['nguoi: 45.32%', 'nguoi: 41.10%', 'nguoi: 40.24%', 'xe may: 92.46%']
2019-12-08 23:04:59,886 - file - CRITICAL - Phat hien: ['nguoi: 47.81%', 'nguoi: 30.40%', 'xe may: 92.81%', 'xe may: 56.78%']
2019-12-08 23:05:00,479 - file - CRITICAL - Phat hien: ['nguoi: 86.88%', 'nguoi: 83.45%', 'nguoi: 55.91%', 'xe may: 90.81%', 'xe may: 85.77%', 'xe may: 81.03%', 'xe may: 33.73%']
2019-12-08 23:05:00,890 - file - CRITICAL - Phat hien: ['nguoi: 88.29%', 'xe may: 38.66%']
2019-12-08 23:05:01,482 - file - CRITICAL - Phat hien: ['nguoi: 94.25%', 'nguoi: 78.99%', 'nguoi: 71.70%', 'xe may: 95.53%', 'xe may: 86.90%', 'xe may: 41.68%', 'xe may: 38.12%']
2019-12-08 23:05:01,892 - file - CRITICAL - Phat hien: ['xe may: 69.75%']
2019-12-08 23:05:02,487 - file - CRITICAL - Phat hien: ['nguoi: 63.53%', 'nguoi: 48.17%', 'nguoi: 41.62%', 'nguoi: 34.34%', 'xe may: 97.50%', 'xe may: 74.14%', 'xe may: 51.68%']
2019-12-08 23:05:02,895 - file - CRITICAL - Phat hien: ['xe may: 43.43%']
2019-12-08 23:05:03,488 - file - CRITICAL - Phat hien: ['nguoi: 83.41%', 'nguoi: 72.37%', 'xe may: 96.59%', 'xe may: 70.71%', 'xe may: 52.83%', 'xe may: 51.39%']
2019-12-08 23:05:03,900 - file - CRITICAL - Phat hien: ['nguoi: 89.54%', 'xe may: 90.06%']
2019-12-08 23:05:04,492 - file - CRITICAL - Phat hien: ['nguoi: 86.65%', 'nguoi: 39.65%', 'xe may: 75.93%', 'xe may: 50.70%', 'xe may: 32.01%']
2019-12-08 23:05:04,904 - file - CRITICAL - Phat hien: ['nguoi: 74.67%', 'nguoi: 42.54%', 'nguoi: 40.96%', 'xe may: 84.36%', 'xe may: 75.68%', 'xe may: 45.36%']
2019-12-08 23:05:05,495 - file - CRITICAL - Phat hien: ['nguoi: 85.00%', 'nguoi: 69.85%', 'xe may: 39.02%', 'xe may: 31.81%']
2019-12-08 23:05:05,905 - file - CRITICAL - Phat hien: ['xe may: 90.92%']
2019-12-08 23:05:06,499 - file - CRITICAL - Phat hien: ['xe may: 44.14%']
2019-12-08 23:05:06,907 - file - CRITICAL - Phat hien: ['nguoi: 69.14%', 'xe may: 58.10%']
2019-12-08 23:05:07,500 - file - CRITICAL - Phat hien: ['nguoi: 38.12%', 'nguoi: 38.08%', 'xe may: 92.88%']
2019-12-08 23:05:07,908 - file - CRITICAL - Phat hien: ['nguoi: 94.25%', 'xe may: 34.62%']
2019-12-08 23:05:08,505 - file - CRITICAL - Phat hien: ['nguoi: 77.76%', 'xe may: 30.52%']
2019-12-08 23:05:08,912 - file - CRITICAL - Phat hien: ['xe may: 41.91%']
2019-12-08 23:05:09,505 - file - CRITICAL - Phat hien: ['nguoi: 44.01%']
2019-12-08 23:05:09,918 - file - CRITICAL - Phat hien: ['nguoi: 58.04%', 'nguoi: 31.52%', 'xe may: 80.59%']
2019-12-08 23:05:10,507 - file - CRITICAL - Phat hien: ['nguoi: 44.94%', 'xe may: 86.02%']
2019-12-08 23:05:10,923 - file - CRITICAL - Phat hien: ['nguoi: 92.90%', 'nguoi: 43.92%', 'xe may: 89.76%', 'xe may: 63.24%']
2019-12-08 23:05:11,508 - file - CRITICAL - Phat hien: ['nguoi: 89.54%', 'xe may: 90.06%']
2019-12-08 23:05:11,927 - file - CRITICAL - Phat hien: ['nguoi: 96.75%', 'nguoi: 92.81%', 'xe may: 98.02%', 'xe may: 64.91%']
2019-12-08 23:05:12,512 - file - CRITICAL - Phat hien: ['nguoi: 94.33%', 'nguoi: 67.58%', 'nguoi: 60.38%', 'xe may: 98.53%', 'xe may: 79.83%']
2019-12-08 23:05:12,930 - file - CRITICAL - Phat hien: ['nguoi: 79.79%', 'xe may: 91.38%', 'xe may: 90.50%', 'xe may: 59.54%']
2019-12-08 23:05:13,513 - file - CRITICAL - Phat hien: ['nguoi: 81.88%', 'nguoi: 76.74%', 'nguoi: 69.32%', 'xe may: 95.12%', 'xe may: 33.46%', 'xe may: 31.10%']
2019-12-08 23:05:13,932 - file - CRITICAL - Phat hien: ['nguoi: 77.45%', 'nguoi: 59.58%', 'nguoi: 56.87%', 'xe may: 74.63%', 'xe may: 59.32%', 'xe may: 45.19%', 'xe may: 34.98%']
2019-12-08 23:05:14,515 - file - CRITICAL - Phat hien: ['nguoi: 45.93%', 'nguoi: 31.80%', 'xe may: 90.73%', 'xe may: 59.45%']
2019-12-08 23:05:14,936 - file - CRITICAL - Phat hien: ['nguoi: 94.25%', 'xe may: 95.17%', 'xe may: 39.41%']
2019-12-08 23:05:15,519 - file - CRITICAL - Phat hien: ['nguoi: 93.08%', 'nguoi: 47.31%', 'xe may: 87.42%', 'xe may: 62.00%', 'xe may: 37.15%']
2019-12-08 23:05:15,939 - file - CRITICAL - Phat hien: ['xe may: 79.91%', 'xe may: 30.76%']
2019-12-08 23:05:16,521 - file - CRITICAL - Phat hien: ['xe may: 82.70%', 'xe may: 42.08%']
2019-12-08 23:05:16,944 - file - CRITICAL - Phat hien: ['xe may: 84.28%', 'xe may: 39.68%']
2019-12-08 23:05:17,521 - file - CRITICAL - Phat hien: ['xe may: 91.57%', 'xe may: 82.17%']
2019-12-08 23:05:17,949 - file - CRITICAL - Phat hien: ['nguoi: 91.51%', 'nguoi: 72.18%', 'xe may: 93.19%', 'xe may: 56.94%']
2019-12-08 23:05:18,525 - file - CRITICAL - Phat hien: ['nguoi: 96.71%', 'nguoi: 94.77%', 'xe may: 95.96%', 'xe may: 37.77%', 'xe may: 36.08%']
2019-12-08 23:05:18,951 - file - CRITICAL - Phat hien: ['xe may: 92.08%', 'xe may: 81.15%', 'xe may: 69.36%', 'xe may: 47.33%']
2019-12-08 23:05:19,525 - file - CRITICAL - Phat hien: ['nguoi: 93.03%', 'nguoi: 41.32%', 'xe may: 89.57%', 'xe may: 62.08%']
2019-12-08 23:05:19,957 - file - CRITICAL - Phat hien: ['nguoi: 87.73%', 'nguoi: 74.02%', 'nguoi: 63.08%', 'xe may: 82.69%', 'xe may: 79.83%']
2019-12-08 23:05:20,527 - file - CRITICAL - Phat hien: ['nguoi: 96.71%', 'nguoi: 91.70%', 'xe may: 98.20%', 'xe may: 63.66%']
2019-12-08 23:05:20,961 - file - CRITICAL - Phat hien: ['nguoi: 59.74%', 'nguoi: 45.17%', 'xe may: 50.23%', 'xe may: 37.89%']
2019-12-08 23:05:21,532 - file - CRITICAL - Phat hien: ['nguoi: 95.76%', 'nguoi: 82.06%', 'xe may: 95.10%', 'xe may: 89.38%']
2019-12-08 23:05:21,964 - file - CRITICAL - Phat hien: ['nguoi: 77.16%', 'xe may: 93.08%', 'xe may: 82.92%', 'xe may: 71.08%', 'xe may: 33.61%']
2019-12-08 23:05:22,533 - file - CRITICAL - Phat hien: ['nguoi: 70.99%', 'nguoi: 69.03%', 'xe may: 61.34%', 'xe may: 44.23%', 'xe may: 36.37%']
2019-12-08 23:05:22,965 - file - CRITICAL - Phat hien: ['nguoi: 92.96%', 'nguoi: 72.44%', 'nguoi: 37.24%', 'xe may: 90.73%', 'xe may: 84.26%', 'xe may: 78.80%']
2019-12-08 23:05:23,534 - file - CRITICAL - Phat hien: ['nguoi: 84.58%', 'nguoi: 38.78%', 'xe may: 50.94%', 'xe may: 31.50%']
2019-12-08 23:05:23,967 - file - CRITICAL - Phat hien: ['nguoi: 69.81%', 'nguoi: 58.10%', 'xe may: 50.51%', 'xe may: 39.43%']
2019-12-08 23:05:24,535 - file - CRITICAL - Phat hien: ['nguoi: 58.13%', 'xe may: 92.52%']
2019-12-08 23:05:25,539 - file - CRITICAL - Phat hien: ['xe may: 90.52%']
2019-12-08 23:05:25,974 - file - CRITICAL - Phat hien: ['o to: 86.40%']
2019-12-08 23:05:26,543 - file - CRITICAL - Phat hien: ['nguoi: 97.98%', 'nguoi: 35.52%', 'xe may: 90.06%', 'xe may: 38.35%']
2019-12-08 23:05:26,975 - file - CRITICAL - Phat hien: ['xe may: 97.64%', 'o to: 98.98%']
2019-12-08 23:05:27,549 - file - CRITICAL - Phat hien: ['nguoi: 70.86%', 'xe may: 97.07%', 'xe may: 89.87%', 'xe may: 40.20%']
2019-12-08 23:05:27,975 - file - CRITICAL - Phat hien: ['nguoi: 97.43%', 'xe may: 97.22%', 'xe may: 33.48%', 'o to: 94.20%']
2019-12-08 23:05:28,549 - file - CRITICAL - Phat hien: ['nguoi: 94.28%', 'nguoi: 74.82%', 'xe may: 97.58%', 'xe may: 76.62%', 'xe may: 55.51%']
2019-12-08 23:05:28,981 - file - CRITICAL - Phat hien: ['nguoi: 66.85%', 'xe may: 98.53%', 'xe may: 90.14%', 'o to: 89.66%']
2019-12-08 23:05:29,551 - file - CRITICAL - Phat hien: ['nguoi: 72.78%', 'nguoi: 72.73%', 'nguoi: 45.79%', 'xe may: 74.12%']
2019-12-08 23:05:29,985 - file - CRITICAL - Phat hien: ['nguoi: 52.20%', 'xe may: 56.41%', 'xe may: 45.99%', 'o to: 98.94%']
2019-12-08 23:05:30,554 - file - CRITICAL - Phat hien: ['nguoi: 85.67%', 'nguoi: 54.52%', 'xe may: 91.67%', 'xe may: 91.49%', 'xe may: 81.69%']
2019-12-08 23:05:30,986 - file - CRITICAL - Phat hien: ['nguoi: 72.76%', 'xe may: 87.90%', 'xe may: 37.13%', 'o to: 81.95%']
2019-12-08 23:05:31,556 - file - CRITICAL - Phat hien: ['nguoi: 98.18%', 'nguoi: 51.05%', 'xe may: 82.27%', 'xe may: 57.86%', 'xe may: 51.10%', 'xe may: 37.34%']
2019-12-08 23:05:31,990 - file - CRITICAL - Phat hien: ['xe may: 68.80%', 'o to: 45.86%']
2019-12-08 23:05:32,558 - file - CRITICAL - Phat hien: ['nguoi: 93.93%', 'nguoi: 68.15%', 'nguoi: 50.95%', 'xe may: 92.14%', 'xe may: 63.99%']
2019-12-08 23:05:32,991 - file - CRITICAL - Phat hien: ['o to: 52.96%']
2019-12-08 23:05:33,562 - file - CRITICAL - Phat hien: ['nguoi: 56.93%', 'xe may: 83.94%', 'xe may: 41.36%']
2019-12-08 23:05:33,993 - file - CRITICAL - Phat hien: ['o to: 96.70%']
2019-12-08 23:05:34,994 - file - CRITICAL - Phat hien: ['o to: 97.50%']
2019-12-08 23:05:35,570 - file - CRITICAL - Phat hien: ['o to: 93.08%']
2019-12-08 23:05:35,999 - file - CRITICAL - Phat hien: ['o to: 99.06%']
2019-12-08 23:05:36,571 - file - CRITICAL - Phat hien: ['nguoi: 90.56%', 'nguoi: 54.23%', 'xe may: 73.76%', 'o to: 98.73%']
2019-12-08 23:05:37,003 - file - CRITICAL - Phat hien: ['o to: 99.01%']
2019-12-08 23:05:37,573 - file - CRITICAL - Phat hien: ['nguoi: 97.46%', 'xe may: 98.42%', 'o to: 86.18%']
2019-12-08 23:05:38,003 - file - CRITICAL - Phat hien: ['xe may: 38.70%', 'o to: 99.44%']
2019-12-08 23:05:38,574 - file - CRITICAL - Phat hien: ['nguoi: 87.07%', 'nguoi: 66.39%', 'xe may: 99.56%', 'xe may: 64.78%', 'xe may: 34.05%', 'o to: 96.06%']
2019-12-08 23:05:39,006 - file - CRITICAL - Phat hien: ['nguoi: 94.67%', 'nguoi: 51.92%', 'xe may: 99.42%', 'xe may: 71.97%', 'xe may: 40.05%', 'o to: 97.26%']
2019-12-08 23:05:39,574 - file - CRITICAL - Phat hien: ['nguoi: 96.54%', 'xe may: 76.28%', 'o to: 97.71%']
2019-12-08 23:05:40,007 - file - CRITICAL - Phat hien: ['nguoi: 80.81%', 'nguoi: 34.88%', 'xe may: 98.99%', 'xe may: 83.22%', 'xe may: 45.12%', 'o to: 60.27%']
2019-12-08 23:05:40,576 - file - CRITICAL - Phat hien: ['nguoi: 41.63%', 'xe may: 40.42%', 'xe may: 37.21%', 'o to: 90.75%']
2019-12-08 23:05:41,012 - file - CRITICAL - Phat hien: ['nguoi: 96.37%', 'nguoi: 87.84%', 'nguoi: 38.34%', 'xe may: 62.85%', 'xe may: 49.05%', 'xe may: 31.91%']
2019-12-08 23:05:41,579 - file - CRITICAL - Phat hien: ['nguoi: 93.62%', 'xe may: 86.16%', 'o to: 55.41%']
2019-12-08 23:05:42,013 - file - CRITICAL - Phat hien: ['nguoi: 93.44%', 'nguoi: 59.27%', 'nguoi: 54.35%', 'xe may: 99.07%', 'xe may: 86.63%', 'xe may: 77.21%', 'xe may: 59.43%', 'o to: 66.16%']
2019-12-08 23:05:42,582 - file - CRITICAL - Phat hien: ['xe may: 47.73%', 'o to: 43.51%']
2019-12-08 23:05:43,018 - file - CRITICAL - Phat hien: ['nguoi: 72.83%', 'nguoi: 65.21%', 'nguoi: 47.96%', 'nguoi: 46.07%', 'xe may: 70.40%', 'xe may: 50.91%']
2019-12-08 23:05:43,584 - file - CRITICAL - Phat hien: ['xe may: 61.30%', 'o to: 62.99%']
2019-12-08 23:05:44,019 - file - CRITICAL - Phat hien: ['nguoi: 84.25%', 'nguoi: 48.23%', 'nguoi: 46.80%', 'xe may: 60.40%', 'xe may: 59.67%', 'xe may: 57.74%', 'xe may: 38.72%', 'xe may: 38.53%', 'xe may: 32.86%']
2019-12-08 23:05:44,587 - file - CRITICAL - Phat hien: ['xe may: 55.52%', 'o to: 85.55%']
2019-12-08 23:05:45,020 - file - CRITICAL - Phat hien: ['nguoi: 78.16%', 'xe may: 79.64%', 'xe may: 76.62%', 'xe may: 60.35%']
2019-12-08 23:05:45,590 - file - CRITICAL - Phat hien: ['o to: 98.50%']
2019-12-08 23:05:46,022 - file - CRITICAL - Phat hien: ['nguoi: 56.17%', 'xe may: 91.28%', 'xe may: 72.05%', 'xe may: 39.49%']
2019-12-08 23:05:46,592 - file - CRITICAL - Phat hien: ['o to: 96.59%']
2019-12-08 23:05:47,023 - file - CRITICAL - Phat hien: ['nguoi: 38.81%', 'xe may: 79.53%', 'xe may: 41.72%']
2019-12-08 23:05:47,593 - file - CRITICAL - Phat hien: ['o to: 98.19%']
2019-12-08 23:05:48,024 - file - CRITICAL - Phat hien: ['nguoi: 84.82%', 'xe may: 56.82%', 'xe may: 53.64%']
2019-12-08 23:05:48,598 - file - CRITICAL - Phat hien: ['o to: 99.68%']
2019-12-08 23:05:49,026 - file - CRITICAL - Phat hien: ['xe may: 78.43%']
2019-12-08 23:05:49,602 - file - CRITICAL - Phat hien: ['xe may: 38.70%', 'o to: 99.44%']
