[21-Nov-19 21:15:58] INFO:  * Running on http://0.0.0.0:8000/ (Press CTRL+C to quit)
[21-Nov-19 21:15:58] INFO:  * Restarting with stat
[21-Nov-19 21:16:00] WARNING:  * Debugger is active!
[21-Nov-19 21:16:00] INFO:  * Debugger PIN: 145-609-362
[21-Nov-19 21:16:18] INFO: 127.0.0.1 - - [21/Nov/2019 21:16:18] "GET / HTTP/1.1" 200 -
[21-Nov-19 21:16:18] INFO: 127.0.0.1 - - [21/Nov/2019 21:16:18] "GET /video_feed HTTP/1.1" 200 -
[21-Nov-19 21:17:26] INFO:  * Running on http://0.0.0.0:8000/ (Press CTRL+C to quit)
[21-Nov-19 21:17:26] INFO:  * Restarting with stat
[21-Nov-19 21:17:28] WARNING:  * Debugger is active!
[21-Nov-19 21:17:28] INFO:  * Debugger PIN: 145-609-362
[21-Nov-19 21:17:35] INFO: 127.0.0.1 - - [21/Nov/2019 21:17:35] "GET / HTTP/1.1" 200 -
[21-Nov-19 21:17:35] INFO: 127.0.0.1 - - [21/Nov/2019 21:17:35] "GET /video_feed HTTP/1.1" 200 -
[21-Nov-19 21:30:22] INFO:  * Running on http://0.0.0.0:8000/ (Press CTRL+C to quit)
[21-Nov-19 21:30:22] INFO:  * Restarting with stat
[21-Nov-19 21:30:25] WARNING:  * Debugger is active!
[21-Nov-19 21:30:25] INFO:  * Debugger PIN: 145-609-362
[21-Nov-19 21:31:00] WARNING: is fixed?
[21-Nov-19 21:31:00] WARNING: is fixed?
[21-Nov-19 21:31:01] WARNING: is fixed?
[21-Nov-19 21:31:01] WARNING: is fixed?
[21-Nov-19 21:31:02] WARNING: is fixed?
[21-Nov-19 21:31:02] WARNING: is fixed?
[21-Nov-19 21:31:03] WARNING: is fixed?
[21-Nov-19 21:31:03] INFO:  * Detected change in '/Users/buison/Desktop/env/object_detector/webstreaming.py', reloading
[21-Nov-19 21:31:03] INFO:  * Restarting with stat
[21-Nov-19 21:31:04] WARNING: is fixed?
[21-Nov-19 21:31:05] WARNING: is fixed?
[21-Nov-19 21:31:05] WARNING:  * Debugger is active!
[21-Nov-19 21:31:05] INFO:  * Debugger PIN: 145-609-362
[21-Nov-19 21:31:06] WARNING: is fixed?
[21-Nov-19 21:31:07] WARNING: is fixed?
[21-Nov-19 21:31:08] WARNING: is fixed?
[21-Nov-19 21:31:09] WARNING: is fixed?
[21-Nov-19 21:31:10] WARNING: is fixed?
[21-Nov-19 21:31:11] WARNING: is fixed?
[21-Nov-19 21:31:12] WARNING: is fixed?
[21-Nov-19 21:31:13] WARNING: is fixed?
[21-Nov-19 21:31:14] WARNING: is fixed?
[21-Nov-19 21:31:15] WARNING: is fixed?
[21-Nov-19 21:31:16] WARNING: is fixed?
[21-Nov-19 21:31:17] WARNING: is fixed?
[21-Nov-19 21:31:18] WARNING: is fixed?
[21-Nov-19 21:31:19] WARNING: is fixed?
[21-Nov-19 21:31:20] WARNING: is fixed?
[21-Nov-19 21:31:21] WARNING: is fixed?
[21-Nov-19 21:31:22] WARNING: is fixed?
[21-Nov-19 21:31:23] WARNING: is fixed?
[21-Nov-19 21:31:24] WARNING: is fixed?
[21-Nov-19 21:31:25] WARNING: is fixed?
[21-Nov-19 21:31:26] WARNING: is fixed?
[21-Nov-19 21:31:27] WARNING: is fixed?
[21-Nov-19 21:31:28] WARNING: is fixed?
[21-Nov-19 21:31:29] WARNING: is fixed?
[21-Nov-19 21:31:30] WARNING: is fixed?
[21-Nov-19 21:31:31] WARNING: is fixed?
[21-Nov-19 21:31:32] WARNING: is fixed?
[21-Nov-19 21:31:33] WARNING: is fixed?
[21-Nov-19 21:31:34] WARNING: is fixed?
